D:\文档\VISUAL STUDIO 2010\PROJECTS\喻嘉兴I\DEBUG\喻嘉兴I.EXE
D:\文档\VISUAL STUDIO 2010\PROJECTS\喻嘉兴I\DEBUG\喻嘉兴I.ILK
D:\文档\VISUAL STUDIO 2010\PROJECTS\喻嘉兴I\DEBUG\喻嘉兴I.PDB
D:\文档\Visual Studio 2010\Projects\喻嘉兴I\喻嘉兴I\Debug\cl.command.1.tlog
D:\文档\Visual Studio 2010\Projects\喻嘉兴I\喻嘉兴I\Debug\CL.read.1.tlog
D:\文档\Visual Studio 2010\Projects\喻嘉兴I\喻嘉兴I\Debug\CL.write.1.tlog
D:\文档\Visual Studio 2010\Projects\喻嘉兴I\喻嘉兴I\Debug\link.13408.read.1.tlog
D:\文档\Visual Studio 2010\Projects\喻嘉兴I\喻嘉兴I\Debug\link.13408.write.1.tlog
D:\文档\Visual Studio 2010\Projects\喻嘉兴I\喻嘉兴I\Debug\link.13408-cvtres.read.1.tlog
D:\文档\Visual Studio 2010\Projects\喻嘉兴I\喻嘉兴I\Debug\link.13408-cvtres.write.1.tlog
D:\文档\Visual Studio 2010\Projects\喻嘉兴I\喻嘉兴I\Debug\link.14348.read.1.tlog
D:\文档\Visual Studio 2010\Projects\喻嘉兴I\喻嘉兴I\Debug\link.14348.write.1.tlog
D:\文档\Visual Studio 2010\Projects\喻嘉兴I\喻嘉兴I\Debug\link.14348-cvtres.read.1.tlog
D:\文档\Visual Studio 2010\Projects\喻嘉兴I\喻嘉兴I\Debug\link.14348-cvtres.write.1.tlog
D:\文档\Visual Studio 2010\Projects\喻嘉兴I\喻嘉兴I\Debug\link.command.1.tlog
D:\文档\Visual Studio 2010\Projects\喻嘉兴I\喻嘉兴I\Debug\link.read.1.tlog
D:\文档\Visual Studio 2010\Projects\喻嘉兴I\喻嘉兴I\Debug\link.write.1.tlog
D:\文档\Visual Studio 2010\Projects\喻嘉兴I\喻嘉兴I\Debug\link-cvtres.read.1.tlog
D:\文档\Visual Studio 2010\Projects\喻嘉兴I\喻嘉兴I\Debug\link-cvtres.write.1.tlog
D:\文档\Visual Studio 2010\Projects\喻嘉兴I\喻嘉兴I\Debug\mt.command.1.tlog
D:\文档\Visual Studio 2010\Projects\喻嘉兴I\喻嘉兴I\Debug\mt.read.1.tlog
D:\文档\Visual Studio 2010\Projects\喻嘉兴I\喻嘉兴I\Debug\mt.write.1.tlog
D:\文档\Visual Studio 2010\Projects\喻嘉兴I\喻嘉兴I\Debug\rc.command.1.tlog
D:\文档\Visual Studio 2010\Projects\喻嘉兴I\喻嘉兴I\Debug\rc.read.1.tlog
D:\文档\Visual Studio 2010\Projects\喻嘉兴I\喻嘉兴I\Debug\rc.write.1.tlog
D:\文档\VISUAL STUDIO 2010\PROJECTS\喻嘉兴I\喻嘉兴I\DEBUG\STDAFX.OBJ
D:\文档\Visual Studio 2010\Projects\喻嘉兴I\喻嘉兴I\Debug\vc100.idb
D:\文档\VISUAL STUDIO 2010\PROJECTS\喻嘉兴I\喻嘉兴I\DEBUG\VC100.PDB
D:\文档\VISUAL STUDIO 2010\PROJECTS\喻嘉兴I\喻嘉兴I\DEBUG\喻嘉兴I.EXE.EMBED.MANIFEST
D:\文档\VISUAL STUDIO 2010\PROJECTS\喻嘉兴I\喻嘉兴I\DEBUG\喻嘉兴I.EXE.EMBED.MANIFEST.RES
D:\文档\VISUAL STUDIO 2010\PROJECTS\喻嘉兴I\喻嘉兴I\DEBUG\喻嘉兴I.EXE.INTERMEDIATE.MANIFEST
D:\文档\VISUAL STUDIO 2010\PROJECTS\喻嘉兴I\喻嘉兴I\DEBUG\喻嘉兴I.OBJ
D:\文档\VISUAL STUDIO 2010\PROJECTS\喻嘉兴I\喻嘉兴I\DEBUG\喻嘉兴I.PCH
D:\文档\Visual Studio 2010\Projects\喻嘉兴I\喻嘉兴I\Debug\喻嘉兴I.vcxprojResolveAssemblyReference.cache
D:\文档\Visual Studio 2010\Projects\喻嘉兴I\喻嘉兴I\Debug\喻嘉兴I.write.1.tlog
D:\文档\Visual Studio 2010\Projects\喻嘉兴I\喻嘉兴I\Debug\喻嘉兴I_manifest.rc
