D:\文档\VISUAL STUDIO 2010\PROJECTS\喻嘉兴F\DEBUG\喻嘉兴F.EXE
D:\文档\VISUAL STUDIO 2010\PROJECTS\喻嘉兴F\DEBUG\喻嘉兴F.ILK
D:\文档\VISUAL STUDIO 2010\PROJECTS\喻嘉兴F\DEBUG\喻嘉兴F.PDB
D:\文档\Visual Studio 2010\Projects\喻嘉兴F\喻嘉兴F\Debug\cl.command.1.tlog
D:\文档\Visual Studio 2010\Projects\喻嘉兴F\喻嘉兴F\Debug\CL.read.1.tlog
D:\文档\Visual Studio 2010\Projects\喻嘉兴F\喻嘉兴F\Debug\CL.write.1.tlog
D:\文档\Visual Studio 2010\Projects\喻嘉兴F\喻嘉兴F\Debug\link.11596.read.1.tlog
D:\文档\Visual Studio 2010\Projects\喻嘉兴F\喻嘉兴F\Debug\link.11596.write.1.tlog
D:\文档\Visual Studio 2010\Projects\喻嘉兴F\喻嘉兴F\Debug\link.11596-cvtres.read.1.tlog
D:\文档\Visual Studio 2010\Projects\喻嘉兴F\喻嘉兴F\Debug\link.11596-cvtres.write.1.tlog
D:\文档\Visual Studio 2010\Projects\喻嘉兴F\喻嘉兴F\Debug\link.command.1.tlog
D:\文档\Visual Studio 2010\Projects\喻嘉兴F\喻嘉兴F\Debug\link.read.1.tlog
D:\文档\Visual Studio 2010\Projects\喻嘉兴F\喻嘉兴F\Debug\link.write.1.tlog
D:\文档\Visual Studio 2010\Projects\喻嘉兴F\喻嘉兴F\Debug\link-cvtres.read.1.tlog
D:\文档\Visual Studio 2010\Projects\喻嘉兴F\喻嘉兴F\Debug\link-cvtres.write.1.tlog
D:\文档\Visual Studio 2010\Projects\喻嘉兴F\喻嘉兴F\Debug\mt.command.1.tlog
D:\文档\Visual Studio 2010\Projects\喻嘉兴F\喻嘉兴F\Debug\mt.read.1.tlog
D:\文档\Visual Studio 2010\Projects\喻嘉兴F\喻嘉兴F\Debug\mt.write.1.tlog
D:\文档\Visual Studio 2010\Projects\喻嘉兴F\喻嘉兴F\Debug\rc.command.1.tlog
D:\文档\Visual Studio 2010\Projects\喻嘉兴F\喻嘉兴F\Debug\rc.read.1.tlog
D:\文档\Visual Studio 2010\Projects\喻嘉兴F\喻嘉兴F\Debug\rc.write.1.tlog
D:\文档\VISUAL STUDIO 2010\PROJECTS\喻嘉兴F\喻嘉兴F\DEBUG\STDAFX.OBJ
D:\文档\Visual Studio 2010\Projects\喻嘉兴F\喻嘉兴F\Debug\vc100.idb
D:\文档\VISUAL STUDIO 2010\PROJECTS\喻嘉兴F\喻嘉兴F\DEBUG\VC100.PDB
D:\文档\VISUAL STUDIO 2010\PROJECTS\喻嘉兴F\喻嘉兴F\DEBUG\喻嘉兴F.EXE.EMBED.MANIFEST
D:\文档\VISUAL STUDIO 2010\PROJECTS\喻嘉兴F\喻嘉兴F\DEBUG\喻嘉兴F.EXE.EMBED.MANIFEST.RES
D:\文档\VISUAL STUDIO 2010\PROJECTS\喻嘉兴F\喻嘉兴F\DEBUG\喻嘉兴F.EXE.INTERMEDIATE.MANIFEST
D:\文档\VISUAL STUDIO 2010\PROJECTS\喻嘉兴F\喻嘉兴F\DEBUG\喻嘉兴F.OBJ
D:\文档\VISUAL STUDIO 2010\PROJECTS\喻嘉兴F\喻嘉兴F\DEBUG\喻嘉兴F.PCH
D:\文档\Visual Studio 2010\Projects\喻嘉兴F\喻嘉兴F\Debug\喻嘉兴F.write.1.tlog
D:\文档\Visual Studio 2010\Projects\喻嘉兴F\喻嘉兴F\Debug\喻嘉兴F_manifest.rc
