生成启动时间为 2020/6/24 11:17:07。
     1>项目“D:\文档\Visual Studio 2010\Projects\喻嘉兴F\喻嘉兴F\喻嘉兴F.vcxproj”在节点 2 上(rebuild 个目标)。
     1>_PrepareForClean:
         正在删除文件“Debug\喻嘉兴F.lastbuildstate”。
       InitializeBuildStatus:
         正在创建“Debug\喻嘉兴F.unsuccessfulbuild”，因为已指定“AlwaysCreate”。
       ClCompile:
         d:\vs2010\VC\bin\CL.exe /c /ZI /nologo /W3 /WX- /Od /Oy- /D WIN32 /D _DEBUG /D _CONSOLE /D _UNICODE /D UNICODE /Gm /EHsc /RTC1 /MDd /GS /fp:precise /Zc:wchar_t /Zc:forScope /Yc"StdAfx.h" /Fp"Debug\喻嘉兴F.pch" /Fo"Debug\\" /Fd"Debug\vc100.pdb" /Gd /TP /analyze- /errorReport:prompt stdafx.cpp
         stdafx.cpp
         d:\vs2010\VC\bin\CL.exe /c /ZI /nologo /W3 /WX- /Od /Oy- /D WIN32 /D _DEBUG /D _CONSOLE /D _UNICODE /D UNICODE /Gm /EHsc /RTC1 /MDd /GS /fp:precise /Zc:wchar_t /Zc:forScope /Yu"StdAfx.h" /Fp"Debug\喻嘉兴F.pch" /Fo"Debug\\" /Fd"Debug\vc100.pdb" /Gd /TP /analyze- /errorReport:prompt "喻嘉兴F.cpp"
         喻嘉兴F.cpp
     1>d:\文档\visual studio 2010\projects\喻嘉兴f\喻嘉兴f\喻嘉兴f.cpp(20): warning C4996: 'fopen': This function or variable may be unsafe. Consider using fopen_s instead. To disable deprecation, use _CRT_SECURE_NO_WARNINGS. See online help for details.
                 d:\vs2010\vc\include\stdio.h(234) : 参见“fopen”的声明
     1>d:\文档\visual studio 2010\projects\喻嘉兴f\喻嘉兴f\喻嘉兴f.cpp(32): warning C4996: 'fopen': This function or variable may be unsafe. Consider using fopen_s instead. To disable deprecation, use _CRT_SECURE_NO_WARNINGS. See online help for details.
                 d:\vs2010\vc\include\stdio.h(234) : 参见“fopen”的声明
     1>d:\文档\visual studio 2010\projects\喻嘉兴f\喻嘉兴f\喻嘉兴f.cpp(36): warning C4996: 'scanf': This function or variable may be unsafe. Consider using scanf_s instead. To disable deprecation, use _CRT_SECURE_NO_WARNINGS. See online help for details.
                 d:\vs2010\vc\include\stdio.h(304) : 参见“scanf”的声明
     1>d:\文档\visual studio 2010\projects\喻嘉兴f\喻嘉兴f\喻嘉兴f.cpp(48): warning C4996: 'scanf': This function or variable may be unsafe. Consider using scanf_s instead. To disable deprecation, use _CRT_SECURE_NO_WARNINGS. See online help for details.
                 d:\vs2010\vc\include\stdio.h(304) : 参见“scanf”的声明
     1>d:\文档\visual studio 2010\projects\喻嘉兴f\喻嘉兴f\喻嘉兴f.cpp(50): warning C4996: 'scanf': This function or variable may be unsafe. Consider using scanf_s instead. To disable deprecation, use _CRT_SECURE_NO_WARNINGS. See online help for details.
                 d:\vs2010\vc\include\stdio.h(304) : 参见“scanf”的声明
     1>d:\文档\visual studio 2010\projects\喻嘉兴f\喻嘉兴f\喻嘉兴f.cpp(76): warning C4258: “i”: 忽略 For 循环中的定义；使用封闭范围中的定义
                 d:\文档\visual studio 2010\projects\喻嘉兴f\喻嘉兴f\喻嘉兴f.cpp(63) : 忽略“i”的定义
                 d:\文档\visual studio 2010\projects\喻嘉兴f\喻嘉兴f\喻嘉兴f.cpp(60) : 使用“i”的定义
     1>d:\文档\visual studio 2010\projects\喻嘉兴f\喻嘉兴f\喻嘉兴f.cpp(76): warning C4258: “i”: 忽略 For 循环中的定义；使用封闭范围中的定义
                 d:\文档\visual studio 2010\projects\喻嘉兴f\喻嘉兴f\喻嘉兴f.cpp(63) : 忽略“i”的定义
                 d:\文档\visual studio 2010\projects\喻嘉兴f\喻嘉兴f\喻嘉兴f.cpp(60) : 使用“i”的定义
     1>d:\文档\visual studio 2010\projects\喻嘉兴f\喻嘉兴f\喻嘉兴f.cpp(76): warning C4258: “i”: 忽略 For 循环中的定义；使用封闭范围中的定义
                 d:\文档\visual studio 2010\projects\喻嘉兴f\喻嘉兴f\喻嘉兴f.cpp(63) : 忽略“i”的定义
                 d:\文档\visual studio 2010\projects\喻嘉兴f\喻嘉兴f\喻嘉兴f.cpp(60) : 使用“i”的定义
     1>d:\文档\visual studio 2010\projects\喻嘉兴f\喻嘉兴f\喻嘉兴f.cpp(76): warning C4258: “i”: 忽略 For 循环中的定义；使用封闭范围中的定义
                 d:\文档\visual studio 2010\projects\喻嘉兴f\喻嘉兴f\喻嘉兴f.cpp(63) : 忽略“i”的定义
                 d:\文档\visual studio 2010\projects\喻嘉兴f\喻嘉兴f\喻嘉兴f.cpp(60) : 使用“i”的定义
     1>d:\文档\visual studio 2010\projects\喻嘉兴f\喻嘉兴f\喻嘉兴f.cpp(77): warning C4258: “i”: 忽略 For 循环中的定义；使用封闭范围中的定义
                 d:\文档\visual studio 2010\projects\喻嘉兴f\喻嘉兴f\喻嘉兴f.cpp(63) : 忽略“i”的定义
                 d:\文档\visual studio 2010\projects\喻嘉兴f\喻嘉兴f\喻嘉兴f.cpp(60) : 使用“i”的定义
     1>d:\文档\visual studio 2010\projects\喻嘉兴f\喻嘉兴f\喻嘉兴f.cpp(78): warning C4258: “i”: 忽略 For 循环中的定义；使用封闭范围中的定义
                 d:\文档\visual studio 2010\projects\喻嘉兴f\喻嘉兴f\喻嘉兴f.cpp(63) : 忽略“i”的定义
                 d:\文档\visual studio 2010\projects\喻嘉兴f\喻嘉兴f\喻嘉兴f.cpp(60) : 使用“i”的定义
     1>d:\文档\visual studio 2010\projects\喻嘉兴f\喻嘉兴f\喻嘉兴f.cpp(80): warning C4258: “i”: 忽略 For 循环中的定义；使用封闭范围中的定义
                 d:\文档\visual studio 2010\projects\喻嘉兴f\喻嘉兴f\喻嘉兴f.cpp(63) : 忽略“i”的定义
                 d:\文档\visual studio 2010\projects\喻嘉兴f\喻嘉兴f\喻嘉兴f.cpp(60) : 使用“i”的定义
     1>d:\文档\visual studio 2010\projects\喻嘉兴f\喻嘉兴f\喻嘉兴f.cpp(81): warning C4258: “i”: 忽略 For 循环中的定义；使用封闭范围中的定义
                 d:\文档\visual studio 2010\projects\喻嘉兴f\喻嘉兴f\喻嘉兴f.cpp(63) : 忽略“i”的定义
                 d:\文档\visual studio 2010\projects\喻嘉兴f\喻嘉兴f\喻嘉兴f.cpp(60) : 使用“i”的定义
     1>d:\文档\visual studio 2010\projects\喻嘉兴f\喻嘉兴f\喻嘉兴f.cpp(83): warning C4258: “i”: 忽略 For 循环中的定义；使用封闭范围中的定义
                 d:\文档\visual studio 2010\projects\喻嘉兴f\喻嘉兴f\喻嘉兴f.cpp(63) : 忽略“i”的定义
                 d:\文档\visual studio 2010\projects\喻嘉兴f\喻嘉兴f\喻嘉兴f.cpp(60) : 使用“i”的定义
     1>d:\文档\visual studio 2010\projects\喻嘉兴f\喻嘉兴f\喻嘉兴f.cpp(84): warning C4258: “i”: 忽略 For 循环中的定义；使用封闭范围中的定义
                 d:\文档\visual studio 2010\projects\喻嘉兴f\喻嘉兴f\喻嘉兴f.cpp(63) : 忽略“i”的定义
                 d:\文档\visual studio 2010\projects\喻嘉兴f\喻嘉兴f\喻嘉兴f.cpp(60) : 使用“i”的定义
     1>d:\文档\visual studio 2010\projects\喻嘉兴f\喻嘉兴f\喻嘉兴f.cpp(86): warning C4258: “i”: 忽略 For 循环中的定义；使用封闭范围中的定义
                 d:\文档\visual studio 2010\projects\喻嘉兴f\喻嘉兴f\喻嘉兴f.cpp(63) : 忽略“i”的定义
                 d:\文档\visual studio 2010\projects\喻嘉兴f\喻嘉兴f\喻嘉兴f.cpp(60) : 使用“i”的定义
     1>d:\文档\visual studio 2010\projects\喻嘉兴f\喻嘉兴f\喻嘉兴f.cpp(87): warning C4258: “i”: 忽略 For 循环中的定义；使用封闭范围中的定义
                 d:\文档\visual studio 2010\projects\喻嘉兴f\喻嘉兴f\喻嘉兴f.cpp(63) : 忽略“i”的定义
                 d:\文档\visual studio 2010\projects\喻嘉兴f\喻嘉兴f\喻嘉兴f.cpp(60) : 使用“i”的定义
     1>d:\文档\visual studio 2010\projects\喻嘉兴f\喻嘉兴f\喻嘉兴f.cpp(90): warning C4258: “i”: 忽略 For 循环中的定义；使用封闭范围中的定义
                 d:\文档\visual studio 2010\projects\喻嘉兴f\喻嘉兴f\喻嘉兴f.cpp(63) : 忽略“i”的定义
                 d:\文档\visual studio 2010\projects\喻嘉兴f\喻嘉兴f\喻嘉兴f.cpp(60) : 使用“i”的定义
     1>d:\文档\visual studio 2010\projects\喻嘉兴f\喻嘉兴f\喻嘉兴f.cpp(95): warning C4258: “i”: 忽略 For 循环中的定义；使用封闭范围中的定义
                 d:\文档\visual studio 2010\projects\喻嘉兴f\喻嘉兴f\喻嘉兴f.cpp(63) : 忽略“i”的定义
                 d:\文档\visual studio 2010\projects\喻嘉兴f\喻嘉兴f\喻嘉兴f.cpp(60) : 使用“i”的定义
     1>d:\文档\visual studio 2010\projects\喻嘉兴f\喻嘉兴f\喻嘉兴f.cpp(96): warning C4258: “i”: 忽略 For 循环中的定义；使用封闭范围中的定义
                 d:\文档\visual studio 2010\projects\喻嘉兴f\喻嘉兴f\喻嘉兴f.cpp(63) : 忽略“i”的定义
                 d:\文档\visual studio 2010\projects\喻嘉兴f\喻嘉兴f\喻嘉兴f.cpp(60) : 使用“i”的定义
     1>d:\文档\visual studio 2010\projects\喻嘉兴f\喻嘉兴f\喻嘉兴f.cpp(98): warning C4258: “i”: 忽略 For 循环中的定义；使用封闭范围中的定义
                 d:\文档\visual studio 2010\projects\喻嘉兴f\喻嘉兴f\喻嘉兴f.cpp(63) : 忽略“i”的定义
                 d:\文档\visual studio 2010\projects\喻嘉兴f\喻嘉兴f\喻嘉兴f.cpp(60) : 使用“i”的定义
     1>d:\文档\visual studio 2010\projects\喻嘉兴f\喻嘉兴f\喻嘉兴f.cpp(99): warning C4258: “i”: 忽略 For 循环中的定义；使用封闭范围中的定义
                 d:\文档\visual studio 2010\projects\喻嘉兴f\喻嘉兴f\喻嘉兴f.cpp(63) : 忽略“i”的定义
                 d:\文档\visual studio 2010\projects\喻嘉兴f\喻嘉兴f\喻嘉兴f.cpp(60) : 使用“i”的定义
     1>d:\文档\visual studio 2010\projects\喻嘉兴f\喻嘉兴f\喻嘉兴f.cpp(101): warning C4258: “i”: 忽略 For 循环中的定义；使用封闭范围中的定义
                 d:\文档\visual studio 2010\projects\喻嘉兴f\喻嘉兴f\喻嘉兴f.cpp(63) : 忽略“i”的定义
                 d:\文档\visual studio 2010\projects\喻嘉兴f\喻嘉兴f\喻嘉兴f.cpp(60) : 使用“i”的定义
     1>d:\文档\visual studio 2010\projects\喻嘉兴f\喻嘉兴f\喻嘉兴f.cpp(101): warning C4258: “i”: 忽略 For 循环中的定义；使用封闭范围中的定义
                 d:\文档\visual studio 2010\projects\喻嘉兴f\喻嘉兴f\喻嘉兴f.cpp(63) : 忽略“i”的定义
                 d:\文档\visual studio 2010\projects\喻嘉兴f\喻嘉兴f\喻嘉兴f.cpp(60) : 使用“i”的定义
     1>d:\文档\visual studio 2010\projects\喻嘉兴f\喻嘉兴f\喻嘉兴f.cpp(129): warning C4996: 'fopen': This function or variable may be unsafe. Consider using fopen_s instead. To disable deprecation, use _CRT_SECURE_NO_WARNINGS. See online help for details.
                 d:\vs2010\vc\include\stdio.h(234) : 参见“fopen”的声明
     1>d:\文档\visual studio 2010\projects\喻嘉兴f\喻嘉兴f\喻嘉兴f.cpp(157): warning C4996: 'fscanf': This function or variable may be unsafe. Consider using fscanf_s instead. To disable deprecation, use _CRT_SECURE_NO_WARNINGS. See online help for details.
                 d:\vs2010\vc\include\stdio.h(253) : 参见“fscanf”的声明
     1>d:\文档\visual studio 2010\projects\喻嘉兴f\喻嘉兴f\喻嘉兴f.cpp(172): warning C4258: “i”: 忽略 For 循环中的定义；使用封闭范围中的定义
                 d:\文档\visual studio 2010\projects\喻嘉兴f\喻嘉兴f\喻嘉兴f.cpp(159) : 忽略“i”的定义
                 d:\文档\visual studio 2010\projects\喻嘉兴f\喻嘉兴f\喻嘉兴f.cpp(156) : 使用“i”的定义
     1>d:\文档\visual studio 2010\projects\喻嘉兴f\喻嘉兴f\喻嘉兴f.cpp(172): warning C4258: “i”: 忽略 For 循环中的定义；使用封闭范围中的定义
                 d:\文档\visual studio 2010\projects\喻嘉兴f\喻嘉兴f\喻嘉兴f.cpp(159) : 忽略“i”的定义
                 d:\文档\visual studio 2010\projects\喻嘉兴f\喻嘉兴f\喻嘉兴f.cpp(156) : 使用“i”的定义
     1>d:\文档\visual studio 2010\projects\喻嘉兴f\喻嘉兴f\喻嘉兴f.cpp(172): warning C4258: “i”: 忽略 For 循环中的定义；使用封闭范围中的定义
                 d:\文档\visual studio 2010\projects\喻嘉兴f\喻嘉兴f\喻嘉兴f.cpp(159) : 忽略“i”的定义
                 d:\文档\visual studio 2010\projects\喻嘉兴f\喻嘉兴f\喻嘉兴f.cpp(156) : 使用“i”的定义
     1>d:\文档\visual studio 2010\projects\喻嘉兴f\喻嘉兴f\喻嘉兴f.cpp(172): warning C4258: “i”: 忽略 For 循环中的定义；使用封闭范围中的定义
                 d:\文档\visual studio 2010\projects\喻嘉兴f\喻嘉兴f\喻嘉兴f.cpp(159) : 忽略“i”的定义
                 d:\文档\visual studio 2010\projects\喻嘉兴f\喻嘉兴f\喻嘉兴f.cpp(156) : 使用“i”的定义
     1>d:\文档\visual studio 2010\projects\喻嘉兴f\喻嘉兴f\喻嘉兴f.cpp(173): warning C4258: “i”: 忽略 For 循环中的定义；使用封闭范围中的定义
                 d:\文档\visual studio 2010\projects\喻嘉兴f\喻嘉兴f\喻嘉兴f.cpp(159) : 忽略“i”的定义
                 d:\文档\visual studio 2010\projects\喻嘉兴f\喻嘉兴f\喻嘉兴f.cpp(156) : 使用“i”的定义
     1>d:\文档\visual studio 2010\projects\喻嘉兴f\喻嘉兴f\喻嘉兴f.cpp(174): warning C4258: “i”: 忽略 For 循环中的定义；使用封闭范围中的定义
                 d:\文档\visual studio 2010\projects\喻嘉兴f\喻嘉兴f\喻嘉兴f.cpp(159) : 忽略“i”的定义
                 d:\文档\visual studio 2010\projects\喻嘉兴f\喻嘉兴f\喻嘉兴f.cpp(156) : 使用“i”的定义
     1>d:\文档\visual studio 2010\projects\喻嘉兴f\喻嘉兴f\喻嘉兴f.cpp(176): warning C4258: “i”: 忽略 For 循环中的定义；使用封闭范围中的定义
                 d:\文档\visual studio 2010\projects\喻嘉兴f\喻嘉兴f\喻嘉兴f.cpp(159) : 忽略“i”的定义
                 d:\文档\visual studio 2010\projects\喻嘉兴f\喻嘉兴f\喻嘉兴f.cpp(156) : 使用“i”的定义
     1>d:\文档\visual studio 2010\projects\喻嘉兴f\喻嘉兴f\喻嘉兴f.cpp(177): warning C4258: “i”: 忽略 For 循环中的定义；使用封闭范围中的定义
                 d:\文档\visual studio 2010\projects\喻嘉兴f\喻嘉兴f\喻嘉兴f.cpp(159) : 忽略“i”的定义
                 d:\文档\visual studio 2010\projects\喻嘉兴f\喻嘉兴f\喻嘉兴f.cpp(156) : 使用“i”的定义
     1>d:\文档\visual studio 2010\projects\喻嘉兴f\喻嘉兴f\喻嘉兴f.cpp(179): warning C4258: “i”: 忽略 For 循环中的定义；使用封闭范围中的定义
                 d:\文档\visual studio 2010\projects\喻嘉兴f\喻嘉兴f\喻嘉兴f.cpp(159) : 忽略“i”的定义
                 d:\文档\visual studio 2010\projects\喻嘉兴f\喻嘉兴f\喻嘉兴f.cpp(156) : 使用“i”的定义
     1>d:\文档\visual studio 2010\projects\喻嘉兴f\喻嘉兴f\喻嘉兴f.cpp(180): warning C4258: “i”: 忽略 For 循环中的定义；使用封闭范围中的定义
                 d:\文档\visual studio 2010\projects\喻嘉兴f\喻嘉兴f\喻嘉兴f.cpp(159) : 忽略“i”的定义
                 d:\文档\visual studio 2010\projects\喻嘉兴f\喻嘉兴f\喻嘉兴f.cpp(156) : 使用“i”的定义
     1>d:\文档\visual studio 2010\projects\喻嘉兴f\喻嘉兴f\喻嘉兴f.cpp(182): warning C4258: “i”: 忽略 For 循环中的定义；使用封闭范围中的定义
                 d:\文档\visual studio 2010\projects\喻嘉兴f\喻嘉兴f\喻嘉兴f.cpp(159) : 忽略“i”的定义
                 d:\文档\visual studio 2010\projects\喻嘉兴f\喻嘉兴f\喻嘉兴f.cpp(156) : 使用“i”的定义
     1>d:\文档\visual studio 2010\projects\喻嘉兴f\喻嘉兴f\喻嘉兴f.cpp(183): warning C4258: “i”: 忽略 For 循环中的定义；使用封闭范围中的定义
                 d:\文档\visual studio 2010\projects\喻嘉兴f\喻嘉兴f\喻嘉兴f.cpp(159) : 忽略“i”的定义
                 d:\文档\visual studio 2010\projects\喻嘉兴f\喻嘉兴f\喻嘉兴f.cpp(156) : 使用“i”的定义
     1>d:\文档\visual studio 2010\projects\喻嘉兴f\喻嘉兴f\喻嘉兴f.cpp(186): warning C4258: “i”: 忽略 For 循环中的定义；使用封闭范围中的定义
                 d:\文档\visual studio 2010\projects\喻嘉兴f\喻嘉兴f\喻嘉兴f.cpp(159) : 忽略“i”的定义
                 d:\文档\visual studio 2010\projects\喻嘉兴f\喻嘉兴f\喻嘉兴f.cpp(156) : 使用“i”的定义
     1>d:\文档\visual studio 2010\projects\喻嘉兴f\喻嘉兴f\喻嘉兴f.cpp(191): warning C4258: “i”: 忽略 For 循环中的定义；使用封闭范围中的定义
                 d:\文档\visual studio 2010\projects\喻嘉兴f\喻嘉兴f\喻嘉兴f.cpp(159) : 忽略“i”的定义
                 d:\文档\visual studio 2010\projects\喻嘉兴f\喻嘉兴f\喻嘉兴f.cpp(156) : 使用“i”的定义
     1>d:\文档\visual studio 2010\projects\喻嘉兴f\喻嘉兴f\喻嘉兴f.cpp(191): warning C4996: 'fscanf': This function or variable may be unsafe. Consider using fscanf_s instead. To disable deprecation, use _CRT_SECURE_NO_WARNINGS. See online help for details.
                 d:\vs2010\vc\include\stdio.h(253) : 参见“fscanf”的声明
     1>d:\文档\visual studio 2010\projects\喻嘉兴f\喻嘉兴f\喻嘉兴f.cpp(192): warning C4258: “i”: 忽略 For 循环中的定义；使用封闭范围中的定义
                 d:\文档\visual studio 2010\projects\喻嘉兴f\喻嘉兴f\喻嘉兴f.cpp(159) : 忽略“i”的定义
                 d:\文档\visual studio 2010\projects\喻嘉兴f\喻嘉兴f\喻嘉兴f.cpp(156) : 使用“i”的定义
     1>d:\文档\visual studio 2010\projects\喻嘉兴f\喻嘉兴f\喻嘉兴f.cpp(195): warning C4258: “i”: 忽略 For 循环中的定义；使用封闭范围中的定义
                 d:\文档\visual studio 2010\projects\喻嘉兴f\喻嘉兴f\喻嘉兴f.cpp(159) : 忽略“i”的定义
                 d:\文档\visual studio 2010\projects\喻嘉兴f\喻嘉兴f\喻嘉兴f.cpp(156) : 使用“i”的定义
     1>d:\文档\visual studio 2010\projects\喻嘉兴f\喻嘉兴f\喻嘉兴f.cpp(195): warning C4996: 'fscanf': This function or variable may be unsafe. Consider using fscanf_s instead. To disable deprecation, use _CRT_SECURE_NO_WARNINGS. See online help for details.
                 d:\vs2010\vc\include\stdio.h(253) : 参见“fscanf”的声明
     1>d:\文档\visual studio 2010\projects\喻嘉兴f\喻嘉兴f\喻嘉兴f.cpp(196): warning C4258: “i”: 忽略 For 循环中的定义；使用封闭范围中的定义
                 d:\文档\visual studio 2010\projects\喻嘉兴f\喻嘉兴f\喻嘉兴f.cpp(159) : 忽略“i”的定义
                 d:\文档\visual studio 2010\projects\喻嘉兴f\喻嘉兴f\喻嘉兴f.cpp(156) : 使用“i”的定义
     1>d:\文档\visual studio 2010\projects\喻嘉兴f\喻嘉兴f\喻嘉兴f.cpp(196): warning C4996: 'fscanf': This function or variable may be unsafe. Consider using fscanf_s instead. To disable deprecation, use _CRT_SECURE_NO_WARNINGS. See online help for details.
                 d:\vs2010\vc\include\stdio.h(253) : 参见“fscanf”的声明
     1>d:\文档\visual studio 2010\projects\喻嘉兴f\喻嘉兴f\喻嘉兴f.cpp(197): warning C4258: “i”: 忽略 For 循环中的定义；使用封闭范围中的定义
                 d:\文档\visual studio 2010\projects\喻嘉兴f\喻嘉兴f\喻嘉兴f.cpp(159) : 忽略“i”的定义
                 d:\文档\visual studio 2010\projects\喻嘉兴f\喻嘉兴f\喻嘉兴f.cpp(156) : 使用“i”的定义
     1>d:\文档\visual studio 2010\projects\喻嘉兴f\喻嘉兴f\喻嘉兴f.cpp(198): warning C4258: “i”: 忽略 For 循环中的定义；使用封闭范围中的定义
                 d:\文档\visual studio 2010\projects\喻嘉兴f\喻嘉兴f\喻嘉兴f.cpp(159) : 忽略“i”的定义
                 d:\文档\visual studio 2010\projects\喻嘉兴f\喻嘉兴f\喻嘉兴f.cpp(156) : 使用“i”的定义
     1>d:\文档\visual studio 2010\projects\喻嘉兴f\喻嘉兴f\喻嘉兴f.cpp(219): warning C4996: 'fscanf': This function or variable may be unsafe. Consider using fscanf_s instead. To disable deprecation, use _CRT_SECURE_NO_WARNINGS. See online help for details.
                 d:\vs2010\vc\include\stdio.h(253) : 参见“fscanf”的声明
       ManifestResourceCompile:
         C:\Program Files (x86)\Microsoft SDKs\Windows\v7.0A\bin\rc.exe /nologo /fo"Debug\喻嘉兴F.exe.embed.manifest.res" "Debug\喻嘉兴F_manifest.rc" 
       Link:
         d:\vs2010\VC\bin\link.exe /ERRORREPORT:PROMPT /OUT:"D:\文档\Visual Studio 2010\Projects\喻嘉兴F\Debug\喻嘉兴F.exe" /INCREMENTAL /NOLOGO kernel32.lib user32.lib gdi32.lib winspool.lib comdlg32.lib advapi32.lib shell32.lib ole32.lib oleaut32.lib uuid.lib odbc32.lib odbccp32.lib /MANIFEST /ManifestFile:"Debug\喻嘉兴F.exe.intermediate.manifest" /MANIFESTUAC:"level='asInvoker' uiAccess='false'" /DEBUG /PDB:"D:\文档\Visual Studio 2010\Projects\喻嘉兴F\Debug\喻嘉兴F.pdb" /SUBSYSTEM:CONSOLE /TLBID:1 /DYNAMICBASE /NXCOMPAT /IMPLIB:"D:\文档\Visual Studio 2010\Projects\喻嘉兴F\Debug\喻嘉兴F.lib" /MACHINE:X86 "Debug\喻嘉兴F.exe.embed.manifest.res"
         Debug\stdafx.obj
         "Debug\喻嘉兴F.obj"
       Manifest:
         正在删除文件“Debug\喻嘉兴F.exe.embed.manifest”。
         C:\Program Files (x86)\Microsoft SDKs\Windows\v7.0A\bin\mt.exe /nologo /verbose /out:"Debug\喻嘉兴F.exe.embed.manifest" /manifest "Debug\喻嘉兴F.exe.intermediate.manifest"
         C:\Program Files (x86)\Microsoft SDKs\Windows\v7.0A\bin\rc.exe /nologo /fo"Debug\喻嘉兴F.exe.embed.manifest.res" "Debug\喻嘉兴F_manifest.rc" 
       LinkEmbedManifest:
         d:\vs2010\VC\bin\link.exe /ERRORREPORT:PROMPT /OUT:"D:\文档\Visual Studio 2010\Projects\喻嘉兴F\Debug\喻嘉兴F.exe" /INCREMENTAL /NOLOGO kernel32.lib user32.lib gdi32.lib winspool.lib comdlg32.lib advapi32.lib shell32.lib ole32.lib oleaut32.lib uuid.lib odbc32.lib odbccp32.lib /MANIFEST /ManifestFile:"Debug\喻嘉兴F.exe.intermediate.manifest" /MANIFESTUAC:"level='asInvoker' uiAccess='false'" /DEBUG /PDB:"D:\文档\Visual Studio 2010\Projects\喻嘉兴F\Debug\喻嘉兴F.pdb" /SUBSYSTEM:CONSOLE /TLBID:1 /DYNAMICBASE /NXCOMPAT /IMPLIB:"D:\文档\Visual Studio 2010\Projects\喻嘉兴F\Debug\喻嘉兴F.lib" /MACHINE:X86 "Debug\喻嘉兴F.exe.embed.manifest.res"
         Debug\stdafx.obj
         "Debug\喻嘉兴F.obj"
         喻嘉兴F.vcxproj -> D:\文档\Visual Studio 2010\Projects\喻嘉兴F\Debug\喻嘉兴F.exe
       FinalizeBuildStatus:
         正在删除文件“Debug\喻嘉兴F.unsuccessfulbuild”。
         正在对“Debug\喻嘉兴F.lastbuildstate”执行 Touch 任务。
     1>已完成生成项目“D:\文档\Visual Studio 2010\Projects\喻嘉兴F\喻嘉兴F\喻嘉兴F.vcxproj”(rebuild 个目标)的操作。

生成成功。

已用时间 00:00:03.21
