D:\文档\VISUAL STUDIO 2010\PROJECTS\喻嘉兴E\DEBUG\喻嘉兴E.EXE
D:\文档\VISUAL STUDIO 2010\PROJECTS\喻嘉兴E\DEBUG\喻嘉兴E.ILK
D:\文档\VISUAL STUDIO 2010\PROJECTS\喻嘉兴E\DEBUG\喻嘉兴E.PDB
D:\文档\Visual Studio 2010\Projects\喻嘉兴E\喻嘉兴E\Debug\cl.command.1.tlog
D:\文档\Visual Studio 2010\Projects\喻嘉兴E\喻嘉兴E\Debug\CL.read.1.tlog
D:\文档\Visual Studio 2010\Projects\喻嘉兴E\喻嘉兴E\Debug\CL.write.1.tlog
D:\文档\Visual Studio 2010\Projects\喻嘉兴E\喻嘉兴E\Debug\link.12104.read.1.tlog
D:\文档\Visual Studio 2010\Projects\喻嘉兴E\喻嘉兴E\Debug\link.12104.write.1.tlog
D:\文档\Visual Studio 2010\Projects\喻嘉兴E\喻嘉兴E\Debug\link.12104-cvtres.read.1.tlog
D:\文档\Visual Studio 2010\Projects\喻嘉兴E\喻嘉兴E\Debug\link.12104-cvtres.write.1.tlog
D:\文档\Visual Studio 2010\Projects\喻嘉兴E\喻嘉兴E\Debug\link.command.1.tlog
D:\文档\Visual Studio 2010\Projects\喻嘉兴E\喻嘉兴E\Debug\link.read.1.tlog
D:\文档\Visual Studio 2010\Projects\喻嘉兴E\喻嘉兴E\Debug\link.write.1.tlog
D:\文档\Visual Studio 2010\Projects\喻嘉兴E\喻嘉兴E\Debug\link-cvtres.read.1.tlog
D:\文档\Visual Studio 2010\Projects\喻嘉兴E\喻嘉兴E\Debug\link-cvtres.write.1.tlog
D:\文档\Visual Studio 2010\Projects\喻嘉兴E\喻嘉兴E\Debug\mt.command.1.tlog
D:\文档\Visual Studio 2010\Projects\喻嘉兴E\喻嘉兴E\Debug\mt.read.1.tlog
D:\文档\Visual Studio 2010\Projects\喻嘉兴E\喻嘉兴E\Debug\mt.write.1.tlog
D:\文档\Visual Studio 2010\Projects\喻嘉兴E\喻嘉兴E\Debug\rc.command.1.tlog
D:\文档\Visual Studio 2010\Projects\喻嘉兴E\喻嘉兴E\Debug\rc.read.1.tlog
D:\文档\Visual Studio 2010\Projects\喻嘉兴E\喻嘉兴E\Debug\rc.write.1.tlog
D:\文档\VISUAL STUDIO 2010\PROJECTS\喻嘉兴E\喻嘉兴E\DEBUG\STDAFX.OBJ
D:\文档\Visual Studio 2010\Projects\喻嘉兴E\喻嘉兴E\Debug\vc100.idb
D:\文档\VISUAL STUDIO 2010\PROJECTS\喻嘉兴E\喻嘉兴E\DEBUG\VC100.PDB
D:\文档\VISUAL STUDIO 2010\PROJECTS\喻嘉兴E\喻嘉兴E\DEBUG\喻嘉兴E.EXE.EMBED.MANIFEST
D:\文档\VISUAL STUDIO 2010\PROJECTS\喻嘉兴E\喻嘉兴E\DEBUG\喻嘉兴E.EXE.EMBED.MANIFEST.RES
D:\文档\VISUAL STUDIO 2010\PROJECTS\喻嘉兴E\喻嘉兴E\DEBUG\喻嘉兴E.EXE.INTERMEDIATE.MANIFEST
D:\文档\VISUAL STUDIO 2010\PROJECTS\喻嘉兴E\喻嘉兴E\DEBUG\喻嘉兴E.OBJ
D:\文档\VISUAL STUDIO 2010\PROJECTS\喻嘉兴E\喻嘉兴E\DEBUG\喻嘉兴E.PCH
D:\文档\Visual Studio 2010\Projects\喻嘉兴E\喻嘉兴E\Debug\喻嘉兴E.vcxprojResolveAssemblyReference.cache
D:\文档\Visual Studio 2010\Projects\喻嘉兴E\喻嘉兴E\Debug\喻嘉兴E.write.1.tlog
D:\文档\Visual Studio 2010\Projects\喻嘉兴E\喻嘉兴E\Debug\喻嘉兴E_manifest.rc
