D:\文档\VISUAL STUDIO 2010\PROJECTS\喻嘉兴D\DEBUG\喻嘉兴D.EXE
D:\文档\VISUAL STUDIO 2010\PROJECTS\喻嘉兴D\DEBUG\喻嘉兴D.ILK
D:\文档\VISUAL STUDIO 2010\PROJECTS\喻嘉兴D\DEBUG\喻嘉兴D.PDB
D:\文档\Visual Studio 2010\Projects\喻嘉兴D\喻嘉兴D\Debug\cl.command.1.tlog
D:\文档\Visual Studio 2010\Projects\喻嘉兴D\喻嘉兴D\Debug\CL.read.1.tlog
D:\文档\Visual Studio 2010\Projects\喻嘉兴D\喻嘉兴D\Debug\CL.write.1.tlog
D:\文档\Visual Studio 2010\Projects\喻嘉兴D\喻嘉兴D\Debug\link.13272.read.1.tlog
D:\文档\Visual Studio 2010\Projects\喻嘉兴D\喻嘉兴D\Debug\link.13272.write.1.tlog
D:\文档\Visual Studio 2010\Projects\喻嘉兴D\喻嘉兴D\Debug\link.13272-cvtres.read.1.tlog
D:\文档\Visual Studio 2010\Projects\喻嘉兴D\喻嘉兴D\Debug\link.13272-cvtres.write.1.tlog
D:\文档\Visual Studio 2010\Projects\喻嘉兴D\喻嘉兴D\Debug\link.command.1.tlog
D:\文档\Visual Studio 2010\Projects\喻嘉兴D\喻嘉兴D\Debug\link.read.1.tlog
D:\文档\Visual Studio 2010\Projects\喻嘉兴D\喻嘉兴D\Debug\link.write.1.tlog
D:\文档\Visual Studio 2010\Projects\喻嘉兴D\喻嘉兴D\Debug\link-cvtres.read.1.tlog
D:\文档\Visual Studio 2010\Projects\喻嘉兴D\喻嘉兴D\Debug\link-cvtres.write.1.tlog
D:\文档\Visual Studio 2010\Projects\喻嘉兴D\喻嘉兴D\Debug\mt.command.1.tlog
D:\文档\Visual Studio 2010\Projects\喻嘉兴D\喻嘉兴D\Debug\mt.read.1.tlog
D:\文档\Visual Studio 2010\Projects\喻嘉兴D\喻嘉兴D\Debug\mt.write.1.tlog
D:\文档\Visual Studio 2010\Projects\喻嘉兴D\喻嘉兴D\Debug\rc.command.1.tlog
D:\文档\Visual Studio 2010\Projects\喻嘉兴D\喻嘉兴D\Debug\rc.read.1.tlog
D:\文档\Visual Studio 2010\Projects\喻嘉兴D\喻嘉兴D\Debug\rc.write.1.tlog
D:\文档\VISUAL STUDIO 2010\PROJECTS\喻嘉兴D\喻嘉兴D\DEBUG\STDAFX.OBJ
D:\文档\Visual Studio 2010\Projects\喻嘉兴D\喻嘉兴D\Debug\vc100.idb
D:\文档\VISUAL STUDIO 2010\PROJECTS\喻嘉兴D\喻嘉兴D\DEBUG\VC100.PDB
D:\文档\VISUAL STUDIO 2010\PROJECTS\喻嘉兴D\喻嘉兴D\DEBUG\喻嘉兴D.EXE.EMBED.MANIFEST
D:\文档\VISUAL STUDIO 2010\PROJECTS\喻嘉兴D\喻嘉兴D\DEBUG\喻嘉兴D.EXE.EMBED.MANIFEST.RES
D:\文档\VISUAL STUDIO 2010\PROJECTS\喻嘉兴D\喻嘉兴D\DEBUG\喻嘉兴D.EXE.INTERMEDIATE.MANIFEST
D:\文档\VISUAL STUDIO 2010\PROJECTS\喻嘉兴D\喻嘉兴D\DEBUG\喻嘉兴D.OBJ
D:\文档\VISUAL STUDIO 2010\PROJECTS\喻嘉兴D\喻嘉兴D\DEBUG\喻嘉兴D.PCH
D:\文档\Visual Studio 2010\Projects\喻嘉兴D\喻嘉兴D\Debug\喻嘉兴D.vcxprojResolveAssemblyReference.cache
D:\文档\Visual Studio 2010\Projects\喻嘉兴D\喻嘉兴D\Debug\喻嘉兴D.write.1.tlog
D:\文档\Visual Studio 2010\Projects\喻嘉兴D\喻嘉兴D\Debug\喻嘉兴D_manifest.rc
