D:\文档\VISUAL STUDIO 2010\PROJECTS\喻嘉兴H\DEBUG\喻嘉兴H.EXE
D:\文档\VISUAL STUDIO 2010\PROJECTS\喻嘉兴H\DEBUG\喻嘉兴H.ILK
D:\文档\VISUAL STUDIO 2010\PROJECTS\喻嘉兴H\DEBUG\喻嘉兴H.PDB
D:\文档\Visual Studio 2010\Projects\喻嘉兴H\喻嘉兴H\Debug\cl.command.1.tlog
D:\文档\Visual Studio 2010\Projects\喻嘉兴H\喻嘉兴H\Debug\CL.read.1.tlog
D:\文档\Visual Studio 2010\Projects\喻嘉兴H\喻嘉兴H\Debug\CL.write.1.tlog
D:\文档\Visual Studio 2010\Projects\喻嘉兴H\喻嘉兴H\Debug\link.10600.read.1.tlog
D:\文档\Visual Studio 2010\Projects\喻嘉兴H\喻嘉兴H\Debug\link.10600.write.1.tlog
D:\文档\Visual Studio 2010\Projects\喻嘉兴H\喻嘉兴H\Debug\link.10600-cvtres.read.1.tlog
D:\文档\Visual Studio 2010\Projects\喻嘉兴H\喻嘉兴H\Debug\link.10600-cvtres.write.1.tlog
D:\文档\Visual Studio 2010\Projects\喻嘉兴H\喻嘉兴H\Debug\link.7564.read.1.tlog
D:\文档\Visual Studio 2010\Projects\喻嘉兴H\喻嘉兴H\Debug\link.7564.write.1.tlog
D:\文档\Visual Studio 2010\Projects\喻嘉兴H\喻嘉兴H\Debug\link.7564-cvtres.read.1.tlog
D:\文档\Visual Studio 2010\Projects\喻嘉兴H\喻嘉兴H\Debug\link.7564-cvtres.write.1.tlog
D:\文档\Visual Studio 2010\Projects\喻嘉兴H\喻嘉兴H\Debug\link.command.1.tlog
D:\文档\Visual Studio 2010\Projects\喻嘉兴H\喻嘉兴H\Debug\link.read.1.tlog
D:\文档\Visual Studio 2010\Projects\喻嘉兴H\喻嘉兴H\Debug\link.write.1.tlog
D:\文档\Visual Studio 2010\Projects\喻嘉兴H\喻嘉兴H\Debug\link-cvtres.read.1.tlog
D:\文档\Visual Studio 2010\Projects\喻嘉兴H\喻嘉兴H\Debug\link-cvtres.write.1.tlog
D:\文档\Visual Studio 2010\Projects\喻嘉兴H\喻嘉兴H\Debug\mt.command.1.tlog
D:\文档\Visual Studio 2010\Projects\喻嘉兴H\喻嘉兴H\Debug\mt.read.1.tlog
D:\文档\Visual Studio 2010\Projects\喻嘉兴H\喻嘉兴H\Debug\mt.write.1.tlog
D:\文档\Visual Studio 2010\Projects\喻嘉兴H\喻嘉兴H\Debug\rc.command.1.tlog
D:\文档\Visual Studio 2010\Projects\喻嘉兴H\喻嘉兴H\Debug\rc.read.1.tlog
D:\文档\Visual Studio 2010\Projects\喻嘉兴H\喻嘉兴H\Debug\rc.write.1.tlog
D:\文档\VISUAL STUDIO 2010\PROJECTS\喻嘉兴H\喻嘉兴H\DEBUG\STDAFX.OBJ
D:\文档\Visual Studio 2010\Projects\喻嘉兴H\喻嘉兴H\Debug\vc100.idb
D:\文档\VISUAL STUDIO 2010\PROJECTS\喻嘉兴H\喻嘉兴H\DEBUG\VC100.PDB
D:\文档\VISUAL STUDIO 2010\PROJECTS\喻嘉兴H\喻嘉兴H\DEBUG\喻嘉兴H.EXE.EMBED.MANIFEST
D:\文档\VISUAL STUDIO 2010\PROJECTS\喻嘉兴H\喻嘉兴H\DEBUG\喻嘉兴H.EXE.EMBED.MANIFEST.RES
D:\文档\VISUAL STUDIO 2010\PROJECTS\喻嘉兴H\喻嘉兴H\DEBUG\喻嘉兴H.EXE.INTERMEDIATE.MANIFEST
D:\文档\VISUAL STUDIO 2010\PROJECTS\喻嘉兴H\喻嘉兴H\DEBUG\喻嘉兴H.OBJ
D:\文档\VISUAL STUDIO 2010\PROJECTS\喻嘉兴H\喻嘉兴H\DEBUG\喻嘉兴H.PCH
D:\文档\Visual Studio 2010\Projects\喻嘉兴H\喻嘉兴H\Debug\喻嘉兴H.write.1.tlog
D:\文档\Visual Studio 2010\Projects\喻嘉兴H\喻嘉兴H\Debug\喻嘉兴H_manifest.rc
