D:\文档\VISUAL STUDIO 2010\PROJECTS\喻嘉兴G\DEBUG\喻嘉兴G.EXE
D:\文档\VISUAL STUDIO 2010\PROJECTS\喻嘉兴G\DEBUG\喻嘉兴G.ILK
D:\文档\VISUAL STUDIO 2010\PROJECTS\喻嘉兴G\DEBUG\喻嘉兴G.PDB
D:\文档\Visual Studio 2010\Projects\喻嘉兴G\喻嘉兴G\Debug\cl.command.1.tlog
D:\文档\Visual Studio 2010\Projects\喻嘉兴G\喻嘉兴G\Debug\CL.read.1.tlog
D:\文档\Visual Studio 2010\Projects\喻嘉兴G\喻嘉兴G\Debug\CL.write.1.tlog
D:\文档\Visual Studio 2010\Projects\喻嘉兴G\喻嘉兴G\Debug\link.11748.read.1.tlog
D:\文档\Visual Studio 2010\Projects\喻嘉兴G\喻嘉兴G\Debug\link.11748.write.1.tlog
D:\文档\Visual Studio 2010\Projects\喻嘉兴G\喻嘉兴G\Debug\link.11748-cvtres.read.1.tlog
D:\文档\Visual Studio 2010\Projects\喻嘉兴G\喻嘉兴G\Debug\link.11748-cvtres.write.1.tlog
D:\文档\Visual Studio 2010\Projects\喻嘉兴G\喻嘉兴G\Debug\link.18396.read.1.tlog
D:\文档\Visual Studio 2010\Projects\喻嘉兴G\喻嘉兴G\Debug\link.18396.write.1.tlog
D:\文档\Visual Studio 2010\Projects\喻嘉兴G\喻嘉兴G\Debug\link.18396-cvtres.read.1.tlog
D:\文档\Visual Studio 2010\Projects\喻嘉兴G\喻嘉兴G\Debug\link.18396-cvtres.write.1.tlog
D:\文档\Visual Studio 2010\Projects\喻嘉兴G\喻嘉兴G\Debug\link.8656.read.1.tlog
D:\文档\Visual Studio 2010\Projects\喻嘉兴G\喻嘉兴G\Debug\link.8656.write.1.tlog
D:\文档\Visual Studio 2010\Projects\喻嘉兴G\喻嘉兴G\Debug\link.8656-cvtres.read.1.tlog
D:\文档\Visual Studio 2010\Projects\喻嘉兴G\喻嘉兴G\Debug\link.8656-cvtres.write.1.tlog
D:\文档\Visual Studio 2010\Projects\喻嘉兴G\喻嘉兴G\Debug\link.command.1.tlog
D:\文档\Visual Studio 2010\Projects\喻嘉兴G\喻嘉兴G\Debug\link.read.1.tlog
D:\文档\Visual Studio 2010\Projects\喻嘉兴G\喻嘉兴G\Debug\link.write.1.tlog
D:\文档\Visual Studio 2010\Projects\喻嘉兴G\喻嘉兴G\Debug\link-cvtres.read.1.tlog
D:\文档\Visual Studio 2010\Projects\喻嘉兴G\喻嘉兴G\Debug\link-cvtres.write.1.tlog
D:\文档\Visual Studio 2010\Projects\喻嘉兴G\喻嘉兴G\Debug\mt.command.1.tlog
D:\文档\Visual Studio 2010\Projects\喻嘉兴G\喻嘉兴G\Debug\mt.read.1.tlog
D:\文档\Visual Studio 2010\Projects\喻嘉兴G\喻嘉兴G\Debug\mt.write.1.tlog
D:\文档\Visual Studio 2010\Projects\喻嘉兴G\喻嘉兴G\Debug\rc.command.1.tlog
D:\文档\Visual Studio 2010\Projects\喻嘉兴G\喻嘉兴G\Debug\rc.read.1.tlog
D:\文档\Visual Studio 2010\Projects\喻嘉兴G\喻嘉兴G\Debug\rc.write.1.tlog
D:\文档\VISUAL STUDIO 2010\PROJECTS\喻嘉兴G\喻嘉兴G\DEBUG\STDAFX.OBJ
D:\文档\Visual Studio 2010\Projects\喻嘉兴G\喻嘉兴G\Debug\vc100.idb
D:\文档\VISUAL STUDIO 2010\PROJECTS\喻嘉兴G\喻嘉兴G\DEBUG\VC100.PDB
D:\文档\VISUAL STUDIO 2010\PROJECTS\喻嘉兴G\喻嘉兴G\DEBUG\喻嘉兴G.EXE.EMBED.MANIFEST
D:\文档\VISUAL STUDIO 2010\PROJECTS\喻嘉兴G\喻嘉兴G\DEBUG\喻嘉兴G.EXE.EMBED.MANIFEST.RES
D:\文档\VISUAL STUDIO 2010\PROJECTS\喻嘉兴G\喻嘉兴G\DEBUG\喻嘉兴G.EXE.INTERMEDIATE.MANIFEST
D:\文档\VISUAL STUDIO 2010\PROJECTS\喻嘉兴G\喻嘉兴G\DEBUG\喻嘉兴G.OBJ
D:\文档\VISUAL STUDIO 2010\PROJECTS\喻嘉兴G\喻嘉兴G\DEBUG\喻嘉兴G.PCH
D:\文档\Visual Studio 2010\Projects\喻嘉兴G\喻嘉兴G\Debug\喻嘉兴G.write.1.tlog
D:\文档\Visual Studio 2010\Projects\喻嘉兴G\喻嘉兴G\Debug\喻嘉兴G_manifest.rc
