D:\文档\VISUAL STUDIO 2010\PROJECTS\喻嘉兴A\DEBUG\喻嘉兴A.EXE
D:\文档\VISUAL STUDIO 2010\PROJECTS\喻嘉兴A\DEBUG\喻嘉兴A.ILK
D:\文档\VISUAL STUDIO 2010\PROJECTS\喻嘉兴A\DEBUG\喻嘉兴A.PDB
D:\文档\Visual Studio 2010\Projects\喻嘉兴A\喻嘉兴A\Debug\cl.command.1.tlog
D:\文档\Visual Studio 2010\Projects\喻嘉兴A\喻嘉兴A\Debug\CL.read.1.tlog
D:\文档\Visual Studio 2010\Projects\喻嘉兴A\喻嘉兴A\Debug\CL.write.1.tlog
D:\文档\Visual Studio 2010\Projects\喻嘉兴A\喻嘉兴A\Debug\link.2248.read.1.tlog
D:\文档\Visual Studio 2010\Projects\喻嘉兴A\喻嘉兴A\Debug\link.2248.write.1.tlog
D:\文档\Visual Studio 2010\Projects\喻嘉兴A\喻嘉兴A\Debug\link.2248-cvtres.read.1.tlog
D:\文档\Visual Studio 2010\Projects\喻嘉兴A\喻嘉兴A\Debug\link.2248-cvtres.write.1.tlog
D:\文档\Visual Studio 2010\Projects\喻嘉兴A\喻嘉兴A\Debug\link.command.1.tlog
D:\文档\Visual Studio 2010\Projects\喻嘉兴A\喻嘉兴A\Debug\link.read.1.tlog
D:\文档\Visual Studio 2010\Projects\喻嘉兴A\喻嘉兴A\Debug\link.write.1.tlog
D:\文档\Visual Studio 2010\Projects\喻嘉兴A\喻嘉兴A\Debug\link-cvtres.read.1.tlog
D:\文档\Visual Studio 2010\Projects\喻嘉兴A\喻嘉兴A\Debug\link-cvtres.write.1.tlog
D:\文档\Visual Studio 2010\Projects\喻嘉兴A\喻嘉兴A\Debug\mt.command.1.tlog
D:\文档\Visual Studio 2010\Projects\喻嘉兴A\喻嘉兴A\Debug\mt.read.1.tlog
D:\文档\Visual Studio 2010\Projects\喻嘉兴A\喻嘉兴A\Debug\mt.write.1.tlog
D:\文档\Visual Studio 2010\Projects\喻嘉兴A\喻嘉兴A\Debug\rc.command.1.tlog
D:\文档\Visual Studio 2010\Projects\喻嘉兴A\喻嘉兴A\Debug\rc.read.1.tlog
D:\文档\Visual Studio 2010\Projects\喻嘉兴A\喻嘉兴A\Debug\rc.write.1.tlog
D:\文档\VISUAL STUDIO 2010\PROJECTS\喻嘉兴A\喻嘉兴A\DEBUG\STDAFX.OBJ
D:\文档\Visual Studio 2010\Projects\喻嘉兴A\喻嘉兴A\Debug\vc100.idb
D:\文档\VISUAL STUDIO 2010\PROJECTS\喻嘉兴A\喻嘉兴A\DEBUG\VC100.PDB
D:\文档\VISUAL STUDIO 2010\PROJECTS\喻嘉兴A\喻嘉兴A\DEBUG\喻嘉兴A.EXE.EMBED.MANIFEST
D:\文档\VISUAL STUDIO 2010\PROJECTS\喻嘉兴A\喻嘉兴A\DEBUG\喻嘉兴A.EXE.EMBED.MANIFEST.RES
D:\文档\VISUAL STUDIO 2010\PROJECTS\喻嘉兴A\喻嘉兴A\DEBUG\喻嘉兴A.EXE.INTERMEDIATE.MANIFEST
D:\文档\VISUAL STUDIO 2010\PROJECTS\喻嘉兴A\喻嘉兴A\DEBUG\喻嘉兴A.OBJ
D:\文档\VISUAL STUDIO 2010\PROJECTS\喻嘉兴A\喻嘉兴A\DEBUG\喻嘉兴A.PCH
D:\文档\Visual Studio 2010\Projects\喻嘉兴A\喻嘉兴A\Debug\喻嘉兴A.write.1.tlog
D:\文档\Visual Studio 2010\Projects\喻嘉兴A\喻嘉兴A\Debug\喻嘉兴A_manifest.rc
