生成启动时间为 2020/5/27 10:27:42。
     1>项目“D:\文档\Visual Studio 2010\Projects\喻嘉兴B\喻嘉兴B\喻嘉兴B.vcxproj”在节点 2 上(build 个目标)。
     1>InitializeBuildStatus:
         正在对“Debug\喻嘉兴B.unsuccessfulbuild”执行 Touch 任务。
       ClCompile:
         所有输出均为最新。
         d:\vs2010\VC\bin\CL.exe /c /ZI /nologo /W3 /WX- /Od /Oy- /D WIN32 /D _DEBUG /D _CONSOLE /D _UNICODE /D UNICODE /Gm /EHsc /RTC1 /MDd /GS /fp:precise /Zc:wchar_t /Zc:forScope /Yu"StdAfx.h" /Fp"Debug\喻嘉兴B.pch" /Fo"Debug\\" /Fd"Debug\vc100.pdb" /Gd /TP /analyze- /errorReport:prompt "喻嘉兴B.cpp"
         喻嘉兴B.cpp
     1>d:\文档\visual studio 2010\projects\喻嘉兴b\喻嘉兴b\喻嘉兴b.cpp(19): warning C4996: 'scanf': This function or variable may be unsafe. Consider using scanf_s instead. To disable deprecation, use _CRT_SECURE_NO_WARNINGS. See online help for details.
                 d:\vs2010\vc\include\stdio.h(304) : 参见“scanf”的声明
     1>d:\文档\visual studio 2010\projects\喻嘉兴b\喻嘉兴b\喻嘉兴b.cpp(31): warning C4996: 'scanf': This function or variable may be unsafe. Consider using scanf_s instead. To disable deprecation, use _CRT_SECURE_NO_WARNINGS. See online help for details.
                 d:\vs2010\vc\include\stdio.h(304) : 参见“scanf”的声明
     1>d:\文档\visual studio 2010\projects\喻嘉兴b\喻嘉兴b\喻嘉兴b.cpp(33): warning C4996: 'scanf': This function or variable may be unsafe. Consider using scanf_s instead. To disable deprecation, use _CRT_SECURE_NO_WARNINGS. See online help for details.
                 d:\vs2010\vc\include\stdio.h(304) : 参见“scanf”的声明
     1>d:\文档\visual studio 2010\projects\喻嘉兴b\喻嘉兴b\喻嘉兴b.cpp(58): warning C4258: “i”: 忽略 For 循环中的定义；使用封闭范围中的定义
                 d:\文档\visual studio 2010\projects\喻嘉兴b\喻嘉兴b\喻嘉兴b.cpp(45) : 忽略“i”的定义
                 d:\文档\visual studio 2010\projects\喻嘉兴b\喻嘉兴b\喻嘉兴b.cpp(43) : 使用“i”的定义
     1>d:\文档\visual studio 2010\projects\喻嘉兴b\喻嘉兴b\喻嘉兴b.cpp(58): warning C4258: “i”: 忽略 For 循环中的定义；使用封闭范围中的定义
                 d:\文档\visual studio 2010\projects\喻嘉兴b\喻嘉兴b\喻嘉兴b.cpp(45) : 忽略“i”的定义
                 d:\文档\visual studio 2010\projects\喻嘉兴b\喻嘉兴b\喻嘉兴b.cpp(43) : 使用“i”的定义
     1>d:\文档\visual studio 2010\projects\喻嘉兴b\喻嘉兴b\喻嘉兴b.cpp(58): warning C4258: “i”: 忽略 For 循环中的定义；使用封闭范围中的定义
                 d:\文档\visual studio 2010\projects\喻嘉兴b\喻嘉兴b\喻嘉兴b.cpp(45) : 忽略“i”的定义
                 d:\文档\visual studio 2010\projects\喻嘉兴b\喻嘉兴b\喻嘉兴b.cpp(43) : 使用“i”的定义
     1>d:\文档\visual studio 2010\projects\喻嘉兴b\喻嘉兴b\喻嘉兴b.cpp(58): warning C4258: “i”: 忽略 For 循环中的定义；使用封闭范围中的定义
                 d:\文档\visual studio 2010\projects\喻嘉兴b\喻嘉兴b\喻嘉兴b.cpp(45) : 忽略“i”的定义
                 d:\文档\visual studio 2010\projects\喻嘉兴b\喻嘉兴b\喻嘉兴b.cpp(43) : 使用“i”的定义
     1>d:\文档\visual studio 2010\projects\喻嘉兴b\喻嘉兴b\喻嘉兴b.cpp(59): warning C4258: “i”: 忽略 For 循环中的定义；使用封闭范围中的定义
                 d:\文档\visual studio 2010\projects\喻嘉兴b\喻嘉兴b\喻嘉兴b.cpp(45) : 忽略“i”的定义
                 d:\文档\visual studio 2010\projects\喻嘉兴b\喻嘉兴b\喻嘉兴b.cpp(43) : 使用“i”的定义
     1>d:\文档\visual studio 2010\projects\喻嘉兴b\喻嘉兴b\喻嘉兴b.cpp(60): warning C4258: “i”: 忽略 For 循环中的定义；使用封闭范围中的定义
                 d:\文档\visual studio 2010\projects\喻嘉兴b\喻嘉兴b\喻嘉兴b.cpp(45) : 忽略“i”的定义
                 d:\文档\visual studio 2010\projects\喻嘉兴b\喻嘉兴b\喻嘉兴b.cpp(43) : 使用“i”的定义
     1>d:\文档\visual studio 2010\projects\喻嘉兴b\喻嘉兴b\喻嘉兴b.cpp(62): warning C4258: “i”: 忽略 For 循环中的定义；使用封闭范围中的定义
                 d:\文档\visual studio 2010\projects\喻嘉兴b\喻嘉兴b\喻嘉兴b.cpp(45) : 忽略“i”的定义
                 d:\文档\visual studio 2010\projects\喻嘉兴b\喻嘉兴b\喻嘉兴b.cpp(43) : 使用“i”的定义
     1>d:\文档\visual studio 2010\projects\喻嘉兴b\喻嘉兴b\喻嘉兴b.cpp(63): warning C4258: “i”: 忽略 For 循环中的定义；使用封闭范围中的定义
                 d:\文档\visual studio 2010\projects\喻嘉兴b\喻嘉兴b\喻嘉兴b.cpp(45) : 忽略“i”的定义
                 d:\文档\visual studio 2010\projects\喻嘉兴b\喻嘉兴b\喻嘉兴b.cpp(43) : 使用“i”的定义
     1>d:\文档\visual studio 2010\projects\喻嘉兴b\喻嘉兴b\喻嘉兴b.cpp(65): warning C4258: “i”: 忽略 For 循环中的定义；使用封闭范围中的定义
                 d:\文档\visual studio 2010\projects\喻嘉兴b\喻嘉兴b\喻嘉兴b.cpp(45) : 忽略“i”的定义
                 d:\文档\visual studio 2010\projects\喻嘉兴b\喻嘉兴b\喻嘉兴b.cpp(43) : 使用“i”的定义
     1>d:\文档\visual studio 2010\projects\喻嘉兴b\喻嘉兴b\喻嘉兴b.cpp(66): warning C4258: “i”: 忽略 For 循环中的定义；使用封闭范围中的定义
                 d:\文档\visual studio 2010\projects\喻嘉兴b\喻嘉兴b\喻嘉兴b.cpp(45) : 忽略“i”的定义
                 d:\文档\visual studio 2010\projects\喻嘉兴b\喻嘉兴b\喻嘉兴b.cpp(43) : 使用“i”的定义
     1>d:\文档\visual studio 2010\projects\喻嘉兴b\喻嘉兴b\喻嘉兴b.cpp(68): warning C4258: “i”: 忽略 For 循环中的定义；使用封闭范围中的定义
                 d:\文档\visual studio 2010\projects\喻嘉兴b\喻嘉兴b\喻嘉兴b.cpp(45) : 忽略“i”的定义
                 d:\文档\visual studio 2010\projects\喻嘉兴b\喻嘉兴b\喻嘉兴b.cpp(43) : 使用“i”的定义
     1>d:\文档\visual studio 2010\projects\喻嘉兴b\喻嘉兴b\喻嘉兴b.cpp(69): warning C4258: “i”: 忽略 For 循环中的定义；使用封闭范围中的定义
                 d:\文档\visual studio 2010\projects\喻嘉兴b\喻嘉兴b\喻嘉兴b.cpp(45) : 忽略“i”的定义
                 d:\文档\visual studio 2010\projects\喻嘉兴b\喻嘉兴b\喻嘉兴b.cpp(43) : 使用“i”的定义
     1>d:\文档\visual studio 2010\projects\喻嘉兴b\喻嘉兴b\喻嘉兴b.cpp(72): warning C4258: “i”: 忽略 For 循环中的定义；使用封闭范围中的定义
                 d:\文档\visual studio 2010\projects\喻嘉兴b\喻嘉兴b\喻嘉兴b.cpp(45) : 忽略“i”的定义
                 d:\文档\visual studio 2010\projects\喻嘉兴b\喻嘉兴b\喻嘉兴b.cpp(43) : 使用“i”的定义
     1>d:\文档\visual studio 2010\projects\喻嘉兴b\喻嘉兴b\喻嘉兴b.cpp(76): warning C4258: “i”: 忽略 For 循环中的定义；使用封闭范围中的定义
                 d:\文档\visual studio 2010\projects\喻嘉兴b\喻嘉兴b\喻嘉兴b.cpp(45) : 忽略“i”的定义
                 d:\文档\visual studio 2010\projects\喻嘉兴b\喻嘉兴b\喻嘉兴b.cpp(43) : 使用“i”的定义
     1>d:\文档\visual studio 2010\projects\喻嘉兴b\喻嘉兴b\喻嘉兴b.cpp(77): warning C4258: “i”: 忽略 For 循环中的定义；使用封闭范围中的定义
                 d:\文档\visual studio 2010\projects\喻嘉兴b\喻嘉兴b\喻嘉兴b.cpp(45) : 忽略“i”的定义
                 d:\文档\visual studio 2010\projects\喻嘉兴b\喻嘉兴b\喻嘉兴b.cpp(43) : 使用“i”的定义
     1>d:\文档\visual studio 2010\projects\喻嘉兴b\喻嘉兴b\喻嘉兴b.cpp(78): warning C4258: “i”: 忽略 For 循环中的定义；使用封闭范围中的定义
                 d:\文档\visual studio 2010\projects\喻嘉兴b\喻嘉兴b\喻嘉兴b.cpp(45) : 忽略“i”的定义
                 d:\文档\visual studio 2010\projects\喻嘉兴b\喻嘉兴b\喻嘉兴b.cpp(43) : 使用“i”的定义
       ManifestResourceCompile:
         C:\Program Files (x86)\Microsoft SDKs\Windows\v7.0A\bin\rc.exe /nologo /fo"Debug\喻嘉兴B.exe.embed.manifest.res" "Debug\喻嘉兴B_manifest.rc" 
       Link:
         d:\vs2010\VC\bin\link.exe /ERRORREPORT:PROMPT /OUT:"D:\文档\Visual Studio 2010\Projects\喻嘉兴B\Debug\喻嘉兴B.exe" /INCREMENTAL /NOLOGO kernel32.lib user32.lib gdi32.lib winspool.lib comdlg32.lib advapi32.lib shell32.lib ole32.lib oleaut32.lib uuid.lib odbc32.lib odbccp32.lib /MANIFEST /ManifestFile:"Debug\喻嘉兴B.exe.intermediate.manifest" /MANIFESTUAC:"level='asInvoker' uiAccess='false'" /DEBUG /PDB:"D:\文档\Visual Studio 2010\Projects\喻嘉兴B\Debug\喻嘉兴B.pdb" /SUBSYSTEM:CONSOLE /TLBID:1 /DYNAMICBASE /NXCOMPAT /IMPLIB:"D:\文档\Visual Studio 2010\Projects\喻嘉兴B\Debug\喻嘉兴B.lib" /MACHINE:X86 "Debug\喻嘉兴B.exe.embed.manifest.res"
         Debug\stdafx.obj
         "Debug\喻嘉兴B.obj"
       Manifest:
         C:\Program Files (x86)\Microsoft SDKs\Windows\v7.0A\bin\mt.exe /nologo /verbose /out:"Debug\喻嘉兴B.exe.embed.manifest" /manifest "Debug\喻嘉兴B.exe.intermediate.manifest"
         C:\Program Files (x86)\Microsoft SDKs\Windows\v7.0A\bin\rc.exe /nologo /fo"Debug\喻嘉兴B.exe.embed.manifest.res" "Debug\喻嘉兴B_manifest.rc" 
       LinkEmbedManifest:
         d:\vs2010\VC\bin\link.exe /ERRORREPORT:PROMPT /OUT:"D:\文档\Visual Studio 2010\Projects\喻嘉兴B\Debug\喻嘉兴B.exe" /INCREMENTAL /NOLOGO kernel32.lib user32.lib gdi32.lib winspool.lib comdlg32.lib advapi32.lib shell32.lib ole32.lib oleaut32.lib uuid.lib odbc32.lib odbccp32.lib /MANIFEST /ManifestFile:"Debug\喻嘉兴B.exe.intermediate.manifest" /MANIFESTUAC:"level='asInvoker' uiAccess='false'" /DEBUG /PDB:"D:\文档\Visual Studio 2010\Projects\喻嘉兴B\Debug\喻嘉兴B.pdb" /SUBSYSTEM:CONSOLE /TLBID:1 /DYNAMICBASE /NXCOMPAT /IMPLIB:"D:\文档\Visual Studio 2010\Projects\喻嘉兴B\Debug\喻嘉兴B.lib" /MACHINE:X86 "Debug\喻嘉兴B.exe.embed.manifest.res"
         Debug\stdafx.obj
         "Debug\喻嘉兴B.obj"
         喻嘉兴B.vcxproj -> D:\文档\Visual Studio 2010\Projects\喻嘉兴B\Debug\喻嘉兴B.exe
       FinalizeBuildStatus:
         正在删除文件“Debug\喻嘉兴B.unsuccessfulbuild”。
         正在对“Debug\喻嘉兴B.lastbuildstate”执行 Touch 任务。
     1>已完成生成项目“D:\文档\Visual Studio 2010\Projects\喻嘉兴B\喻嘉兴B\喻嘉兴B.vcxproj”(build 个目标)的操作。

生成成功。

已用时间 00:00:02.36
