D:\文档\VISUAL STUDIO 2010\PROJECTS\喻嘉兴B\DEBUG\喻嘉兴B.EXE
D:\文档\VISUAL STUDIO 2010\PROJECTS\喻嘉兴B\DEBUG\喻嘉兴B.ILK
D:\文档\VISUAL STUDIO 2010\PROJECTS\喻嘉兴B\DEBUG\喻嘉兴B.PDB
D:\文档\Visual Studio 2010\Projects\喻嘉兴B\喻嘉兴B\Debug\cl.command.1.tlog
D:\文档\Visual Studio 2010\Projects\喻嘉兴B\喻嘉兴B\Debug\CL.read.1.tlog
D:\文档\Visual Studio 2010\Projects\喻嘉兴B\喻嘉兴B\Debug\CL.write.1.tlog
D:\文档\Visual Studio 2010\Projects\喻嘉兴B\喻嘉兴B\Debug\link.3408.read.1.tlog
D:\文档\Visual Studio 2010\Projects\喻嘉兴B\喻嘉兴B\Debug\link.3408.write.1.tlog
D:\文档\Visual Studio 2010\Projects\喻嘉兴B\喻嘉兴B\Debug\link.3408-cvtres.read.1.tlog
D:\文档\Visual Studio 2010\Projects\喻嘉兴B\喻嘉兴B\Debug\link.3408-cvtres.write.1.tlog
D:\文档\Visual Studio 2010\Projects\喻嘉兴B\喻嘉兴B\Debug\link.command.1.tlog
D:\文档\Visual Studio 2010\Projects\喻嘉兴B\喻嘉兴B\Debug\link.read.1.tlog
D:\文档\Visual Studio 2010\Projects\喻嘉兴B\喻嘉兴B\Debug\link.write.1.tlog
D:\文档\Visual Studio 2010\Projects\喻嘉兴B\喻嘉兴B\Debug\link-cvtres.read.1.tlog
D:\文档\Visual Studio 2010\Projects\喻嘉兴B\喻嘉兴B\Debug\link-cvtres.write.1.tlog
D:\文档\Visual Studio 2010\Projects\喻嘉兴B\喻嘉兴B\Debug\mt.command.1.tlog
D:\文档\Visual Studio 2010\Projects\喻嘉兴B\喻嘉兴B\Debug\mt.read.1.tlog
D:\文档\Visual Studio 2010\Projects\喻嘉兴B\喻嘉兴B\Debug\mt.write.1.tlog
D:\文档\Visual Studio 2010\Projects\喻嘉兴B\喻嘉兴B\Debug\rc.command.1.tlog
D:\文档\Visual Studio 2010\Projects\喻嘉兴B\喻嘉兴B\Debug\rc.read.1.tlog
D:\文档\Visual Studio 2010\Projects\喻嘉兴B\喻嘉兴B\Debug\rc.write.1.tlog
D:\文档\VISUAL STUDIO 2010\PROJECTS\喻嘉兴B\喻嘉兴B\DEBUG\STDAFX.OBJ
D:\文档\Visual Studio 2010\Projects\喻嘉兴B\喻嘉兴B\Debug\vc100.idb
D:\文档\VISUAL STUDIO 2010\PROJECTS\喻嘉兴B\喻嘉兴B\DEBUG\VC100.PDB
D:\文档\VISUAL STUDIO 2010\PROJECTS\喻嘉兴B\喻嘉兴B\DEBUG\喻嘉兴B.EXE.EMBED.MANIFEST
D:\文档\VISUAL STUDIO 2010\PROJECTS\喻嘉兴B\喻嘉兴B\DEBUG\喻嘉兴B.EXE.EMBED.MANIFEST.RES
D:\文档\VISUAL STUDIO 2010\PROJECTS\喻嘉兴B\喻嘉兴B\DEBUG\喻嘉兴B.EXE.INTERMEDIATE.MANIFEST
D:\文档\VISUAL STUDIO 2010\PROJECTS\喻嘉兴B\喻嘉兴B\DEBUG\喻嘉兴B.OBJ
D:\文档\VISUAL STUDIO 2010\PROJECTS\喻嘉兴B\喻嘉兴B\DEBUG\喻嘉兴B.PCH
D:\文档\Visual Studio 2010\Projects\喻嘉兴B\喻嘉兴B\Debug\喻嘉兴B.write.1.tlog
D:\文档\Visual Studio 2010\Projects\喻嘉兴B\喻嘉兴B\Debug\喻嘉兴B_manifest.rc
