D:\文档\VISUAL STUDIO 2010\PROJECTS\喻嘉兴C\DEBUG\喻嘉兴C.EXE
D:\文档\VISUAL STUDIO 2010\PROJECTS\喻嘉兴C\DEBUG\喻嘉兴C.ILK
D:\文档\VISUAL STUDIO 2010\PROJECTS\喻嘉兴C\DEBUG\喻嘉兴C.PDB
D:\文档\Visual Studio 2010\Projects\喻嘉兴C\喻嘉兴C\Debug\cl.command.1.tlog
D:\文档\Visual Studio 2010\Projects\喻嘉兴C\喻嘉兴C\Debug\CL.read.1.tlog
D:\文档\Visual Studio 2010\Projects\喻嘉兴C\喻嘉兴C\Debug\CL.write.1.tlog
D:\文档\Visual Studio 2010\Projects\喻嘉兴C\喻嘉兴C\Debug\link.12692.read.1.tlog
D:\文档\Visual Studio 2010\Projects\喻嘉兴C\喻嘉兴C\Debug\link.12692.write.1.tlog
D:\文档\Visual Studio 2010\Projects\喻嘉兴C\喻嘉兴C\Debug\link.12692-cvtres.read.1.tlog
D:\文档\Visual Studio 2010\Projects\喻嘉兴C\喻嘉兴C\Debug\link.12692-cvtres.write.1.tlog
D:\文档\Visual Studio 2010\Projects\喻嘉兴C\喻嘉兴C\Debug\link.command.1.tlog
D:\文档\Visual Studio 2010\Projects\喻嘉兴C\喻嘉兴C\Debug\link.read.1.tlog
D:\文档\Visual Studio 2010\Projects\喻嘉兴C\喻嘉兴C\Debug\link.write.1.tlog
D:\文档\Visual Studio 2010\Projects\喻嘉兴C\喻嘉兴C\Debug\link-cvtres.read.1.tlog
D:\文档\Visual Studio 2010\Projects\喻嘉兴C\喻嘉兴C\Debug\link-cvtres.write.1.tlog
D:\文档\Visual Studio 2010\Projects\喻嘉兴C\喻嘉兴C\Debug\mt.command.1.tlog
D:\文档\Visual Studio 2010\Projects\喻嘉兴C\喻嘉兴C\Debug\mt.read.1.tlog
D:\文档\Visual Studio 2010\Projects\喻嘉兴C\喻嘉兴C\Debug\mt.write.1.tlog
D:\文档\Visual Studio 2010\Projects\喻嘉兴C\喻嘉兴C\Debug\rc.command.1.tlog
D:\文档\Visual Studio 2010\Projects\喻嘉兴C\喻嘉兴C\Debug\rc.read.1.tlog
D:\文档\Visual Studio 2010\Projects\喻嘉兴C\喻嘉兴C\Debug\rc.write.1.tlog
D:\文档\VISUAL STUDIO 2010\PROJECTS\喻嘉兴C\喻嘉兴C\DEBUG\STDAFX.OBJ
D:\文档\Visual Studio 2010\Projects\喻嘉兴C\喻嘉兴C\Debug\vc100.idb
D:\文档\VISUAL STUDIO 2010\PROJECTS\喻嘉兴C\喻嘉兴C\DEBUG\VC100.PDB
D:\文档\VISUAL STUDIO 2010\PROJECTS\喻嘉兴C\喻嘉兴C\DEBUG\喻嘉兴C.EXE.EMBED.MANIFEST
D:\文档\VISUAL STUDIO 2010\PROJECTS\喻嘉兴C\喻嘉兴C\DEBUG\喻嘉兴C.EXE.EMBED.MANIFEST.RES
D:\文档\VISUAL STUDIO 2010\PROJECTS\喻嘉兴C\喻嘉兴C\DEBUG\喻嘉兴C.EXE.INTERMEDIATE.MANIFEST
D:\文档\VISUAL STUDIO 2010\PROJECTS\喻嘉兴C\喻嘉兴C\DEBUG\喻嘉兴C.OBJ
D:\文档\VISUAL STUDIO 2010\PROJECTS\喻嘉兴C\喻嘉兴C\DEBUG\喻嘉兴C.PCH
D:\文档\Visual Studio 2010\Projects\喻嘉兴C\喻嘉兴C\Debug\喻嘉兴C.write.1.tlog
D:\文档\Visual Studio 2010\Projects\喻嘉兴C\喻嘉兴C\Debug\喻嘉兴C_manifest.rc
