生成启动时间为 2020/6/1 11:21:12。
     1>项目“D:\文档\Visual Studio 2010\Projects\喻嘉兴C\喻嘉兴C\喻嘉兴C.vcxproj”在节点 2 上(rebuild 个目标)。
     1>_PrepareForClean:
         正在删除文件“Debug\喻嘉兴C.lastbuildstate”。
       InitializeBuildStatus:
         正在创建“Debug\喻嘉兴C.unsuccessfulbuild”，因为已指定“AlwaysCreate”。
       ClCompile:
         d:\vs2010\VC\bin\CL.exe /c /ZI /nologo /W3 /WX- /Od /Oy- /D WIN32 /D _DEBUG /D _CONSOLE /D _UNICODE /D UNICODE /Gm /EHsc /RTC1 /MDd /GS /fp:precise /Zc:wchar_t /Zc:forScope /Yc"StdAfx.h" /Fp"Debug\喻嘉兴C.pch" /Fo"Debug\\" /Fd"Debug\vc100.pdb" /Gd /TP /analyze- /errorReport:prompt stdafx.cpp
         stdafx.cpp
         d:\vs2010\VC\bin\CL.exe /c /ZI /nologo /W3 /WX- /Od /Oy- /D WIN32 /D _DEBUG /D _CONSOLE /D _UNICODE /D UNICODE /Gm /EHsc /RTC1 /MDd /GS /fp:precise /Zc:wchar_t /Zc:forScope /Yu"StdAfx.h" /Fp"Debug\喻嘉兴C.pch" /Fo"Debug\\" /Fd"Debug\vc100.pdb" /Gd /TP /analyze- /errorReport:prompt "喻嘉兴C.cpp"
         喻嘉兴C.cpp
     1>d:\文档\visual studio 2010\projects\喻嘉兴c\喻嘉兴c\喻嘉兴c.cpp(22): warning C4996: 'scanf': This function or variable may be unsafe. Consider using scanf_s instead. To disable deprecation, use _CRT_SECURE_NO_WARNINGS. See online help for details.
                 d:\vs2010\vc\include\stdio.h(304) : 参见“scanf”的声明
     1>d:\文档\visual studio 2010\projects\喻嘉兴c\喻嘉兴c\喻嘉兴c.cpp(34): warning C4996: 'scanf': This function or variable may be unsafe. Consider using scanf_s instead. To disable deprecation, use _CRT_SECURE_NO_WARNINGS. See online help for details.
                 d:\vs2010\vc\include\stdio.h(304) : 参见“scanf”的声明
     1>d:\文档\visual studio 2010\projects\喻嘉兴c\喻嘉兴c\喻嘉兴c.cpp(36): warning C4996: 'scanf': This function or variable may be unsafe. Consider using scanf_s instead. To disable deprecation, use _CRT_SECURE_NO_WARNINGS. See online help for details.
                 d:\vs2010\vc\include\stdio.h(304) : 参见“scanf”的声明
     1>d:\文档\visual studio 2010\projects\喻嘉兴c\喻嘉兴c\喻嘉兴c.cpp(61): warning C4258: “i”: 忽略 For 循环中的定义；使用封闭范围中的定义
                 d:\文档\visual studio 2010\projects\喻嘉兴c\喻嘉兴c\喻嘉兴c.cpp(48) : 忽略“i”的定义
                 d:\文档\visual studio 2010\projects\喻嘉兴c\喻嘉兴c\喻嘉兴c.cpp(46) : 使用“i”的定义
     1>d:\文档\visual studio 2010\projects\喻嘉兴c\喻嘉兴c\喻嘉兴c.cpp(61): warning C4258: “i”: 忽略 For 循环中的定义；使用封闭范围中的定义
                 d:\文档\visual studio 2010\projects\喻嘉兴c\喻嘉兴c\喻嘉兴c.cpp(48) : 忽略“i”的定义
                 d:\文档\visual studio 2010\projects\喻嘉兴c\喻嘉兴c\喻嘉兴c.cpp(46) : 使用“i”的定义
     1>d:\文档\visual studio 2010\projects\喻嘉兴c\喻嘉兴c\喻嘉兴c.cpp(61): warning C4258: “i”: 忽略 For 循环中的定义；使用封闭范围中的定义
                 d:\文档\visual studio 2010\projects\喻嘉兴c\喻嘉兴c\喻嘉兴c.cpp(48) : 忽略“i”的定义
                 d:\文档\visual studio 2010\projects\喻嘉兴c\喻嘉兴c\喻嘉兴c.cpp(46) : 使用“i”的定义
     1>d:\文档\visual studio 2010\projects\喻嘉兴c\喻嘉兴c\喻嘉兴c.cpp(61): warning C4258: “i”: 忽略 For 循环中的定义；使用封闭范围中的定义
                 d:\文档\visual studio 2010\projects\喻嘉兴c\喻嘉兴c\喻嘉兴c.cpp(48) : 忽略“i”的定义
                 d:\文档\visual studio 2010\projects\喻嘉兴c\喻嘉兴c\喻嘉兴c.cpp(46) : 使用“i”的定义
     1>d:\文档\visual studio 2010\projects\喻嘉兴c\喻嘉兴c\喻嘉兴c.cpp(62): warning C4258: “i”: 忽略 For 循环中的定义；使用封闭范围中的定义
                 d:\文档\visual studio 2010\projects\喻嘉兴c\喻嘉兴c\喻嘉兴c.cpp(48) : 忽略“i”的定义
                 d:\文档\visual studio 2010\projects\喻嘉兴c\喻嘉兴c\喻嘉兴c.cpp(46) : 使用“i”的定义
     1>d:\文档\visual studio 2010\projects\喻嘉兴c\喻嘉兴c\喻嘉兴c.cpp(64): warning C4258: “i”: 忽略 For 循环中的定义；使用封闭范围中的定义
                 d:\文档\visual studio 2010\projects\喻嘉兴c\喻嘉兴c\喻嘉兴c.cpp(48) : 忽略“i”的定义
                 d:\文档\visual studio 2010\projects\喻嘉兴c\喻嘉兴c\喻嘉兴c.cpp(46) : 使用“i”的定义
     1>d:\文档\visual studio 2010\projects\喻嘉兴c\喻嘉兴c\喻嘉兴c.cpp(65): warning C4258: “i”: 忽略 For 循环中的定义；使用封闭范围中的定义
                 d:\文档\visual studio 2010\projects\喻嘉兴c\喻嘉兴c\喻嘉兴c.cpp(48) : 忽略“i”的定义
                 d:\文档\visual studio 2010\projects\喻嘉兴c\喻嘉兴c\喻嘉兴c.cpp(46) : 使用“i”的定义
     1>d:\文档\visual studio 2010\projects\喻嘉兴c\喻嘉兴c\喻嘉兴c.cpp(66): warning C4258: “i”: 忽略 For 循环中的定义；使用封闭范围中的定义
                 d:\文档\visual studio 2010\projects\喻嘉兴c\喻嘉兴c\喻嘉兴c.cpp(48) : 忽略“i”的定义
                 d:\文档\visual studio 2010\projects\喻嘉兴c\喻嘉兴c\喻嘉兴c.cpp(46) : 使用“i”的定义
     1>d:\文档\visual studio 2010\projects\喻嘉兴c\喻嘉兴c\喻嘉兴c.cpp(67): warning C4258: “i”: 忽略 For 循环中的定义；使用封闭范围中的定义
                 d:\文档\visual studio 2010\projects\喻嘉兴c\喻嘉兴c\喻嘉兴c.cpp(48) : 忽略“i”的定义
                 d:\文档\visual studio 2010\projects\喻嘉兴c\喻嘉兴c\喻嘉兴c.cpp(46) : 使用“i”的定义
     1>d:\文档\visual studio 2010\projects\喻嘉兴c\喻嘉兴c\喻嘉兴c.cpp(73): warning C4258: “i”: 忽略 For 循环中的定义；使用封闭范围中的定义
                 d:\文档\visual studio 2010\projects\喻嘉兴c\喻嘉兴c\喻嘉兴c.cpp(48) : 忽略“i”的定义
                 d:\文档\visual studio 2010\projects\喻嘉兴c\喻嘉兴c\喻嘉兴c.cpp(46) : 使用“i”的定义
     1>d:\文档\visual studio 2010\projects\喻嘉兴c\喻嘉兴c\喻嘉兴c.cpp(80): warning C4258: “i”: 忽略 For 循环中的定义；使用封闭范围中的定义
                 d:\文档\visual studio 2010\projects\喻嘉兴c\喻嘉兴c\喻嘉兴c.cpp(48) : 忽略“i”的定义
                 d:\文档\visual studio 2010\projects\喻嘉兴c\喻嘉兴c\喻嘉兴c.cpp(46) : 使用“i”的定义
     1>d:\文档\visual studio 2010\projects\喻嘉兴c\喻嘉兴c\喻嘉兴c.cpp(81): warning C4258: “i”: 忽略 For 循环中的定义；使用封闭范围中的定义
                 d:\文档\visual studio 2010\projects\喻嘉兴c\喻嘉兴c\喻嘉兴c.cpp(48) : 忽略“i”的定义
                 d:\文档\visual studio 2010\projects\喻嘉兴c\喻嘉兴c\喻嘉兴c.cpp(46) : 使用“i”的定义
     1>d:\文档\visual studio 2010\projects\喻嘉兴c\喻嘉兴c\喻嘉兴c.cpp(82): warning C4258: “i”: 忽略 For 循环中的定义；使用封闭范围中的定义
                 d:\文档\visual studio 2010\projects\喻嘉兴c\喻嘉兴c\喻嘉兴c.cpp(48) : 忽略“i”的定义
                 d:\文档\visual studio 2010\projects\喻嘉兴c\喻嘉兴c\喻嘉兴c.cpp(46) : 使用“i”的定义
     1>d:\文档\visual studio 2010\projects\喻嘉兴c\喻嘉兴c\喻嘉兴c.cpp(88): warning C4244: “初始化”: 从“float”转换到“int”，可能丢失数据
       ManifestResourceCompile:
         C:\Program Files (x86)\Microsoft SDKs\Windows\v7.0A\bin\rc.exe /nologo /fo"Debug\喻嘉兴C.exe.embed.manifest.res" "Debug\喻嘉兴C_manifest.rc" 
       Link:
         d:\vs2010\VC\bin\link.exe /ERRORREPORT:PROMPT /OUT:"D:\文档\Visual Studio 2010\Projects\喻嘉兴C\Debug\喻嘉兴C.exe" /INCREMENTAL /NOLOGO kernel32.lib user32.lib gdi32.lib winspool.lib comdlg32.lib advapi32.lib shell32.lib ole32.lib oleaut32.lib uuid.lib odbc32.lib odbccp32.lib /MANIFEST /ManifestFile:"Debug\喻嘉兴C.exe.intermediate.manifest" /MANIFESTUAC:"level='asInvoker' uiAccess='false'" /DEBUG /PDB:"D:\文档\Visual Studio 2010\Projects\喻嘉兴C\Debug\喻嘉兴C.pdb" /SUBSYSTEM:CONSOLE /TLBID:1 /DYNAMICBASE /NXCOMPAT /IMPLIB:"D:\文档\Visual Studio 2010\Projects\喻嘉兴C\Debug\喻嘉兴C.lib" /MACHINE:X86 "Debug\喻嘉兴C.exe.embed.manifest.res"
         Debug\stdafx.obj
         "Debug\喻嘉兴C.obj"
       Manifest:
         正在删除文件“Debug\喻嘉兴C.exe.embed.manifest”。
         C:\Program Files (x86)\Microsoft SDKs\Windows\v7.0A\bin\mt.exe /nologo /verbose /out:"Debug\喻嘉兴C.exe.embed.manifest" /manifest "Debug\喻嘉兴C.exe.intermediate.manifest"
         C:\Program Files (x86)\Microsoft SDKs\Windows\v7.0A\bin\rc.exe /nologo /fo"Debug\喻嘉兴C.exe.embed.manifest.res" "Debug\喻嘉兴C_manifest.rc" 
       LinkEmbedManifest:
         d:\vs2010\VC\bin\link.exe /ERRORREPORT:PROMPT /OUT:"D:\文档\Visual Studio 2010\Projects\喻嘉兴C\Debug\喻嘉兴C.exe" /INCREMENTAL /NOLOGO kernel32.lib user32.lib gdi32.lib winspool.lib comdlg32.lib advapi32.lib shell32.lib ole32.lib oleaut32.lib uuid.lib odbc32.lib odbccp32.lib /MANIFEST /ManifestFile:"Debug\喻嘉兴C.exe.intermediate.manifest" /MANIFESTUAC:"level='asInvoker' uiAccess='false'" /DEBUG /PDB:"D:\文档\Visual Studio 2010\Projects\喻嘉兴C\Debug\喻嘉兴C.pdb" /SUBSYSTEM:CONSOLE /TLBID:1 /DYNAMICBASE /NXCOMPAT /IMPLIB:"D:\文档\Visual Studio 2010\Projects\喻嘉兴C\Debug\喻嘉兴C.lib" /MACHINE:X86 "Debug\喻嘉兴C.exe.embed.manifest.res"
         Debug\stdafx.obj
         "Debug\喻嘉兴C.obj"
         喻嘉兴C.vcxproj -> D:\文档\Visual Studio 2010\Projects\喻嘉兴C\Debug\喻嘉兴C.exe
       FinalizeBuildStatus:
         正在删除文件“Debug\喻嘉兴C.unsuccessfulbuild”。
         正在对“Debug\喻嘉兴C.lastbuildstate”执行 Touch 任务。
     1>已完成生成项目“D:\文档\Visual Studio 2010\Projects\喻嘉兴C\喻嘉兴C\喻嘉兴C.vcxproj”(rebuild 个目标)的操作。

生成成功。

已用时间 00:00:04.43
